app/build/intermediates/manifest_merge_blame_file/debug/manifest-merger-blame-debug-report.txt
1<?xml version="1.0" encoding="utf-8"?>
2<manifest xmlns:android="http://schemas.android.com/apk/res/android"
3    package="com.example.wordbook"
4    android:versionCode="1"
5    android:versionName="1.0" >
6
7    <uses-sdk
8        android:minSdkVersion="21"
8-->src\main\AndroidManifest.xml
9        android:targetSdkVersion="32" />
9-->src\main\AndroidManifest.xml
10
11    <application
11-->src\main\AndroidManifest.xml:6:5-38:19
12        android:allowBackup="true"
12-->src\main\AndroidManifest.xml:7:9-35
13        android:appComponentFactory="androidx.core.app.CoreComponentFactory"
13-->[androidx.core:core:1.7.0] AndroidManifest.xml:24:18-86
14        android:dataExtractionRules="@xml/data_extraction_rules"
14-->src\main\AndroidManifest.xml:8:9-65
15        android:debuggable="true"
16        android:fullBackupContent="@xml/backup_rules"
16-->src\main\AndroidManifest.xml:9:9-54
17        android:icon="@mipmap/ic_launcher"
17-->src\main\AndroidManifest.xml:10:9-43
18        android:label="@string/app_name"
18-->src\main\AndroidManifest.xml:11:9-41
19        android:roundIcon="@mipmap/ic_launcher_round"
19-->src\main\AndroidManifest.xml:12:9-54
20        android:supportsRtl="true"
20-->src\main\AndroidManifest.xml:13:9-35
21        android:testOnly="true"
22        android:theme="@style/Theme.WordBook" >
22-->src\main\AndroidManifest.xml:14:9-46
23        <activity
23-->src\main\AndroidManifest.xml:16:9-22:20
24            android:name="com.example.wordbook.login.MainActivity"
24-->src\main\AndroidManifest.xml:17:13-47
25            android:exported="false" >
25-->src\main\AndroidManifest.xml:18:13-37
26            <meta-data
26-->src\main\AndroidManifest.xml:19:13-21:36
27                android:name="android.app.lib_name"
27-->src\main\AndroidManifest.xml:20:17-52
28                android:value="" />
28-->src\main\AndroidManifest.xml:21:17-33
29        </activity>
30        <activity
30-->src\main\AndroidManifest.xml:24:9-27:20
31            android:name="com.example.wordbook.login.RegisterActivity"
31-->src\main\AndroidManifest.xml:25:13-51
32            android:exported="true" >
32-->src\main\AndroidManifest.xml:26:13-36
33        </activity>
34        <activity
34-->src\main\AndroidManifest.xml:29:9-37:20
35            android:name="com.example.wordbook.BaseActivity"
35-->src\main\AndroidManifest.xml:30:13-41
36            android:exported="true" >
36-->src\main\AndroidManifest.xml:31:13-36
37            <intent-filter>
37-->src\main\AndroidManifest.xml:32:13-36:29
38                <action android:name="android.intent.action.MAIN" />
38-->src\main\AndroidManifest.xml:33:17-69
38-->src\main\AndroidManifest.xml:33:25-66
39
40                <category android:name="android.intent.category.LAUNCHER" />
40-->src\main\AndroidManifest.xml:35:17-77
40-->src\main\AndroidManifest.xml:35:27-74
41            </intent-filter>
42        </activity>
43
44        <service
44-->[androidx.room:room-runtime:2.4.0] AndroidManifest.xml:25:9-28:40
45            android:name="androidx.room.MultiInstanceInvalidationService"
45-->[androidx.room:room-runtime:2.4.0] AndroidManifest.xml:26:13-74
46            android:directBootAware="true"
46-->[androidx.room:room-runtime:2.4.0] AndroidManifest.xml:27:13-43
47            android:exported="false" />
47-->[androidx.room:room-runtime:2.4.0] AndroidManifest.xml:28:13-37
48
49        <provider
49-->[androidx.emoji2:emoji2:1.0.0] AndroidManifest.xml:26:9-34:20
50            android:name="androidx.startup.InitializationProvider"
50-->[androidx.emoji2:emoji2:1.0.0] AndroidManifest.xml:27:13-67
51            android:authorities="com.example.wordbook.androidx-startup"
51-->[androidx.emoji2:emoji2:1.0.0] AndroidManifest.xml:28:13-68
52            android:exported="false" >
52-->[androidx.emoji2:emoji2:1.0.0] AndroidManifest.xml:29:13-37
53            <meta-data
53-->[androidx.emoji2:emoji2:1.0.0] AndroidManifest.xml:31:13-33:52
54                android:name="androidx.emoji2.text.EmojiCompatInitializer"
54-->[androidx.emoji2:emoji2:1.0.0] AndroidManifest.xml:32:17-75
55                android:value="androidx.startup" />
55-->[androidx.emoji2:emoji2:1.0.0] AndroidManifest.xml:33:17-49
56            <meta-data
56-->[androidx.lifecycle:lifecycle-process:2.4.0] AndroidManifest.xml:31:13-33:52
57                android:name="androidx.lifecycle.ProcessLifecycleInitializer"
57-->[androidx.lifecycle:lifecycle-process:2.4.0] AndroidManifest.xml:32:17-78
58                android:value="androidx.startup" />
58-->[androidx.lifecycle:lifecycle-process:2.4.0] AndroidManifest.xml:33:17-49
59        </provider>
60    </application>
61
62</manifest>